<?xml version="1.0" encoding="UTF-8"?>
<testsuites name="menu_test_suite" time="113" tests="4" failures="0" errors="0">
   <testsuite name="menu_test_suite" tests="4" failures="0" errors="0" time="113" timestamp="2019-03-29 17:42:06" hostname="SilburyUser - DESKTOP-1NQG59P" id="Test Suites/menu_test_suite">
      <properties>
         <property name="deviceName" value=""/>
         <property name="devicePlatform" value=""/>
         <property name="logFolder" value="D:\\nsyed\\workspace\\Katalon Studio\\publicare-testcases\\publicare-testcases\\Reports\\menu_test_suite\\20190329_174153"/>
         <property name="logFiles" value="D:\\nsyed\\workspace\\Katalon Studio\\publicare-testcases\\publicare-testcases\\Reports\\menu_test_suite\\20190329_174153\\execution0.log"/>
         <property name="attachments" value=""/>
         <property name="hostName" value="SilburyUser - DESKTOP-1NQG59P"/>
         <property name="os" value="Windows 10 64bit"/>
         <property name="katalonVersion" value="6.0.5.10"/>
         <property name="browser" value="Chrome 73.0.3683.86"/>
         <property name="hostAddress" value="169.254.43.166"/>
         <property name="sessionId" value="f2a279cc24ae2d0636fc5c549427acd4"/>
         <property name="seleniumVersion" value="3.7.1"/>
         <property name="proxyInformation" value="ProxyInformation{proxyOption=NO_PROXY, proxyServerType=HTTP, password=, proxyServerAddress=, proxyServerPort=0}"/>
         <property name="platform" value="Windows 10"/>
      </properties>
      <testcase name="Test Cases/products" classname="Test Cases/products" status="PASSED">
         <system-out><![CDATA[2019-03-29 17:42:06 - [TEST_CASE][PASSED] - Test Cases/products: Test Cases/products

2019-03-29 17:42:07 - [TEST_STEP][PASSED] - openBrowser(""): Browser is opened with url: ''

2019-03-29 17:42:07 - [MESSAGE][INFO] - Starting 'Chrome' driver

2019-03-29 17:42:07 - [MESSAGE][INFO] - Action delay is set to 0 seconds

2019-03-29 17:42:12 - [MESSAGE][PASSED] - Browser is opened with url: ''

2019-03-29 17:42:12 - [TEST_STEP][PASSED] - navigateToUrl(Url): Navigate to 'http://publicaretest2qpck2mqd5.devcloud.acquia-sites.com/de' successfully

2019-03-29 17:42:21 - [MESSAGE][PASSED] - Navigate to 'http://publicaretest2qpck2mqd5.devcloud.acquia-sites.com/de' successfully

2019-03-29 17:42:21 - [TEST_STEP][PASSED] - click(findTestObject("Object Repository/products/Page_HOME  Publicare/a_Produkte")): Object: 'Object Repository/products/Page_HOME  Publicare/a_Produkte' is clicked on

2019-03-29 17:42:24 - [MESSAGE][PASSED] - Object: 'Object Repository/products/Page_HOME  Publicare/a_Produkte' is clicked on

2019-03-29 17:42:24 - [TEST_STEP][PASSED] - click(findTestObject("Object Repository/products/Page_Produkt  Publicare/a_Ergnzende Produkte")): Object: 'Object Repository/products/Page_Produkt  Publicare/a_Ergnzende Produkte' is clicked on

2019-03-29 17:42:26 - [MESSAGE][PASSED] - Object: 'Object Repository/products/Page_Produkt  Publicare/a_Ergnzende Produkte' is clicked on

2019-03-29 17:42:26 - [TEST_STEP][PASSED] - click(findTestObject("Object Repository/products/Page_Ergnzende Produkte  Publicare/a_Blutzuckermessungen")): Object: 'Object Repository/products/Page_Ergnzende Produkte  Publicare/a_Blutzuckermessungen' is clicked on

2019-03-29 17:42:28 - [MESSAGE][PASSED] - Object: 'Object Repository/products/Page_Ergnzende Produkte  Publicare/a_Blutzuckermessungen' is clicked on

2019-03-29 17:42:28 - [TEST_STEP][PASSED] - click(findTestObject("Object Repository/products/Page_Blutzuckermessungen  Publicare/a_Blutzuckermessungen")): Object: 'Object Repository/products/Page_Blutzuckermessungen  Publicare/a_Blutzuckermessungen' is clicked on

2019-03-29 17:42:29 - [MESSAGE][PASSED] - Object: 'Object Repository/products/Page_Blutzuckermessungen  Publicare/a_Blutzuckermessungen' is clicked on

2019-03-29 17:42:29 - [TEST_STEP][PASSED] - click(findTestObject("Object Repository/products/Page_Blutzuckermessungen  Publicare/a_Lanzetten und Nadeln")): Object: 'Object Repository/products/Page_Blutzuckermessungen  Publicare/a_Lanzetten und Nadeln' is clicked on

2019-03-29 17:42:32 - [MESSAGE][PASSED] - Object: 'Object Repository/products/Page_Blutzuckermessungen  Publicare/a_Lanzetten und Nadeln' is clicked on

2019-03-29 17:42:32 - [TEST_STEP][PASSED] - click(findTestObject("Object Repository/products/Page_Lanzetten und Nadeln  Publicare/a_Blutzuckermessungen")): Object: 'Object Repository/products/Page_Lanzetten und Nadeln  Publicare/a_Blutzuckermessungen' is clicked on

2019-03-29 17:42:34 - [MESSAGE][PASSED] - Object: 'Object Repository/products/Page_Lanzetten und Nadeln  Publicare/a_Blutzuckermessungen' is clicked on

2019-03-29 17:42:34 - [TEST_STEP][PASSED] - click(findTestObject("Object Repository/products/Page_Blutzuckermessungen  Publicare/a_Ergnzende Produkte")): Object: 'Object Repository/products/Page_Blutzuckermessungen  Publicare/a_Ergnzende Produkte' is clicked on

2019-03-29 17:42:35 - [MESSAGE][PASSED] - Object: 'Object Repository/products/Page_Blutzuckermessungen  Publicare/a_Ergnzende Produkte' is clicked on

2019-03-29 17:42:35 - [TEST_STEP][PASSED] - click(findTestObject("Object Repository/products/Page_Ergnzende Produkte  Publicare/a_Alle Produkte")): Object: 'Object Repository/products/Page_Ergnzende Produkte  Publicare/a_Alle Produkte' is clicked on

2019-03-29 17:42:37 - [MESSAGE][PASSED] - Object: 'Object Repository/products/Page_Ergnzende Produkte  Publicare/a_Alle Produkte' is clicked on

2019-03-29 17:42:37 - [TEST_STEP][PASSED] - click(findTestObject("Object Repository/products/Page_Produkt  Publicare/a_Produkte")): Object: 'Object Repository/products/Page_Produkt  Publicare/a_Produkte' is clicked on

2019-03-29 17:42:38 - [MESSAGE][PASSED] - Object: 'Object Repository/products/Page_Produkt  Publicare/a_Produkte' is clicked on

2019-03-29 17:42:38 - [TEST_STEP][PASSED] - closeBrowser(): Browser is closed

2019-03-29 17:42:39 - [MESSAGE][PASSED] - Browser is closed]]></system-out>
         <system-err><![CDATA[]]></system-err>
      </testcase>
      <testcase name="Test Cases/Services" classname="Test Cases/Services" status="PASSED">
         <system-out><![CDATA[2019-03-29 17:42:39 - [TEST_CASE][PASSED] - Test Cases/Services: Test Cases/Services

2019-03-29 17:42:39 - [TEST_STEP][PASSED] - openBrowser(""): Browser is opened with url: ''

2019-03-29 17:42:39 - [MESSAGE][INFO] - Starting 'Chrome' driver

2019-03-29 17:42:42 - [MESSAGE][PASSED] - Browser is opened with url: ''

2019-03-29 17:42:42 - [TEST_STEP][PASSED] - navigateToUrl(Url): Navigate to 'http://publicaretest2qpck2mqd5.devcloud.acquia-sites.com/de' successfully

2019-03-29 17:42:51 - [MESSAGE][PASSED] - Navigate to 'http://publicaretest2qpck2mqd5.devcloud.acquia-sites.com/de' successfully

2019-03-29 17:42:51 - [TEST_STEP][PASSED] - click(findTestObject("Object Repository/services/Page_HOME  Publicare/a_Dienstleistungen")): Object: 'Object Repository/services/Page_HOME  Publicare/a_Dienstleistungen' is clicked on

2019-03-29 17:42:55 - [MESSAGE][PASSED] - Object: 'Object Repository/services/Page_HOME  Publicare/a_Dienstleistungen' is clicked on

2019-03-29 17:42:55 - [TEST_STEP][PASSED] - click(findTestObject("Object Repository/services/Page_Dienstleistungen  Publicare/a_Beratung")): Object: 'Object Repository/services/Page_Dienstleistungen  Publicare/a_Beratung' is clicked on

2019-03-29 17:43:00 - [MESSAGE][PASSED] - Object: 'Object Repository/services/Page_Dienstleistungen  Publicare/a_Beratung' is clicked on

2019-03-29 17:43:00 - [TEST_STEP][PASSED] - click(findTestObject("Object Repository/services/Page_Beratung  Publicare/a_Dienstleistungen")): Object: 'Object Repository/services/Page_Beratung  Publicare/a_Dienstleistungen' is clicked on

2019-03-29 17:43:02 - [MESSAGE][PASSED] - Object: 'Object Repository/services/Page_Beratung  Publicare/a_Dienstleistungen' is clicked on

2019-03-29 17:43:02 - [TEST_STEP][PASSED] - click(findTestObject("Object Repository/services/Page_Dienstleistungen  Publicare/a_Lieferant")): Object: 'Object Repository/services/Page_Dienstleistungen  Publicare/a_Lieferant' is clicked on

2019-03-29 17:43:09 - [MESSAGE][PASSED] - Object: 'Object Repository/services/Page_Dienstleistungen  Publicare/a_Lieferant' is clicked on

2019-03-29 17:43:09 - [TEST_STEP][PASSED] - click(findTestObject("Object Repository/services/Page_Lieferant  Publicare/a_Startseite")): Object: 'Object Repository/services/Page_Lieferant  Publicare/a_Startseite' is clicked on

2019-03-29 17:43:11 - [MESSAGE][PASSED] - Object: 'Object Repository/services/Page_Lieferant  Publicare/a_Startseite' is clicked on

2019-03-29 17:43:11 - [TEST_STEP][PASSED] - closeBrowser(): Browser is closed

2019-03-29 17:43:11 - [MESSAGE][PASSED] - Browser is closed]]></system-out>
         <system-err><![CDATA[]]></system-err>
      </testcase>
      <testcase name="Test Cases/pc_acadamy" classname="Test Cases/pc_acadamy" status="PASSED">
         <system-out><![CDATA[2019-03-29 17:43:11 - [TEST_CASE][PASSED] - Test Cases/pc_acadamy: Test Cases/pc_acadamy

2019-03-29 17:43:12 - [TEST_STEP][PASSED] - openBrowser(""): Browser is opened with url: ''

2019-03-29 17:43:12 - [MESSAGE][INFO] - Starting 'Chrome' driver

2019-03-29 17:43:14 - [MESSAGE][PASSED] - Browser is opened with url: ''

2019-03-29 17:43:14 - [TEST_STEP][PASSED] - navigateToUrl(Url): Navigate to 'http://publicaretest2qpck2mqd5.devcloud.acquia-sites.com/de' successfully

2019-03-29 17:43:25 - [MESSAGE][PASSED] - Navigate to 'http://publicaretest2qpck2mqd5.devcloud.acquia-sites.com/de' successfully

2019-03-29 17:43:25 - [TEST_STEP][PASSED] - click(findTestObject("Object Repository/academy/Page_HOME  Publicare/a_Publicare Academy")): Object: 'Object Repository/academy/Page_HOME  Publicare/a_Publicare Academy' is clicked on

2019-03-29 17:43:27 - [MESSAGE][PASSED] - Object: 'Object Repository/academy/Page_HOME  Publicare/a_Publicare Academy' is clicked on

2019-03-29 17:43:27 - [TEST_STEP][PASSED] - click(findTestObject("Object Repository/academy/Page_Publicare Academy  Publicare/input_Ihr Zugangscode_op")): Object: 'Object Repository/academy/Page_Publicare Academy  Publicare/input_Ihr Zugangscode_op' is clicked on

2019-03-29 17:43:30 - [MESSAGE][PASSED] - Object: 'Object Repository/academy/Page_Publicare Academy  Publicare/input_Ihr Zugangscode_op' is clicked on

2019-03-29 17:43:30 - [TEST_STEP][PASSED] - closeBrowser(): Browser is closed

2019-03-29 17:43:31 - [MESSAGE][PASSED] - Browser is closed]]></system-out>
         <system-err><![CDATA[]]></system-err>
      </testcase>
      <testcase name="Test Cases/search" classname="Test Cases/search" status="PASSED">
         <system-out><![CDATA[2019-03-29 17:43:31 - [TEST_CASE][PASSED] - Test Cases/search: Test Cases/search

2019-03-29 17:43:31 - [TEST_STEP][PASSED] - openBrowser(""): Browser is opened with url: ''

2019-03-29 17:43:31 - [MESSAGE][INFO] - Starting 'Chrome' driver

2019-03-29 17:43:34 - [MESSAGE][PASSED] - Browser is opened with url: ''

2019-03-29 17:43:34 - [TEST_STEP][PASSED] - navigateToUrl(Url): Navigate to 'http://publicaretest2qpck2mqd5.devcloud.acquia-sites.com/de' successfully

2019-03-29 17:43:42 - [MESSAGE][PASSED] - Navigate to 'http://publicaretest2qpck2mqd5.devcloud.acquia-sites.com/de' successfully

2019-03-29 17:43:42 - [TEST_STEP][PASSED] - setText(findTestObject("Object Repository/search/Page_HOME  Publicare/input_Anmelden_search_api_fulltext"), "medi"): Text 'medi' is set on object 'Object Repository/search/Page_HOME  Publicare/input_Anmelden_search_api_fulltext'

2019-03-29 17:43:43 - [MESSAGE][PASSED] - Text 'medi' is set on object 'Object Repository/search/Page_HOME  Publicare/input_Anmelden_search_api_fulltext'

2019-03-29 17:43:43 - [TEST_STEP][PASSED] - click(findTestObject("Object Repository/search/Page_HOME  Publicare/input_Anmelden_edit-submit-publicare-search")): Object: 'Object Repository/search/Page_HOME  Publicare/input_Anmelden_edit-submit-publicare-search' is clicked on

2019-03-29 17:43:46 - [MESSAGE][PASSED] - Object: 'Object Repository/search/Page_HOME  Publicare/input_Anmelden_edit-submit-publicare-search' is clicked on

2019-03-29 17:43:46 - [TEST_STEP][PASSED] - click(findTestObject("Object Repository/search/Page_Publicare Suche  Publicare/div_Hausella Slip medi Plus Gr.4244")): Object: 'Object Repository/search/Page_Publicare Suche  Publicare/div_Hausella Slip medi Plus Gr.4244' is clicked on

2019-03-29 17:43:48 - [MESSAGE][PASSED] - Object: 'Object Repository/search/Page_Publicare Suche  Publicare/div_Hausella Slip medi Plus Gr.4244' is clicked on

2019-03-29 17:43:48 - [TEST_STEP][PASSED] - click(findTestObject("Object Repository/search/Page_Product Information  Publicare/td_Nicht an Lager_table-cell")): Object: 'Object Repository/search/Page_Product Information  Publicare/td_Nicht an Lager_table-cell' is clicked on

2019-03-29 17:43:52 - [MESSAGE][PASSED] - Object: 'Object Repository/search/Page_Product Information  Publicare/td_Nicht an Lager_table-cell' is clicked on

2019-03-29 17:43:52 - [TEST_STEP][PASSED] - click(findTestObject("Object Repository/search/Page_Product Information  Publicare/a_3M 1528-1")): Object: 'Object Repository/search/Page_Product Information  Publicare/a_3M 1528-1' is clicked on

2019-03-29 17:43:54 - [MESSAGE][PASSED] - Object: 'Object Repository/search/Page_Product Information  Publicare/a_3M 1528-1' is clicked on

2019-03-29 17:43:54 - [TEST_STEP][PASSED] - setText(findTestObject("Object Repository/search/Page_Product Information  Publicare/input_Anmelden_search_api_fulltext"), "beutel"): Text 'beutel' is set on object 'Object Repository/search/Page_Product Information  Publicare/input_Anmelden_search_api_fulltext'

2019-03-29 17:43:54 - [MESSAGE][PASSED] - Text 'beutel' is set on object 'Object Repository/search/Page_Product Information  Publicare/input_Anmelden_search_api_fulltext'

2019-03-29 17:43:54 - [TEST_STEP][PASSED] - click(findTestObject("Object Repository/search/Page_Product Information  Publicare/input_Anmelden_edit-submit-publicare-search")): Object: 'Object Repository/search/Page_Product Information  Publicare/input_Anmelden_edit-submit-publicare-search' is clicked on

2019-03-29 17:43:59 - [MESSAGE][PASSED] - Object: 'Object Repository/search/Page_Product Information  Publicare/input_Anmelden_edit-submit-publicare-search' is clicked on

2019-03-29 17:43:59 - [TEST_STEP][PASSED] - click(findTestObject("Object Repository/search/Page_Publicare Suche  Publicare/h1_Ergebnis fr          beutel")): Object: 'Object Repository/search/Page_Publicare Suche  Publicare/h1_Ergebnis fr          beutel' is clicked on

2019-03-29 17:43:59 - [MESSAGE][PASSED] - Object: 'Object Repository/search/Page_Publicare Suche  Publicare/h1_Ergebnis fr          beutel' is clicked on

2019-03-29 17:43:59 - [TEST_STEP][PASSED] - click(findTestObject("Object Repository/search/Page_Publicare Suche  Publicare/strong_705")): Object: 'Object Repository/search/Page_Publicare Suche  Publicare/strong_705' is clicked on

2019-03-29 17:43:59 - [MESSAGE][PASSED] - Object: 'Object Repository/search/Page_Publicare Suche  Publicare/strong_705' is clicked on

2019-03-29 17:43:59 - [TEST_STEP][PASSED] - closeBrowser(): Browser is closed

2019-03-29 17:44:00 - [MESSAGE][PASSED] - Browser is closed]]></system-out>
         <system-err><![CDATA[]]></system-err>
      </testcase>
      <system-out><![CDATA[2019-03-29 17:42:06 - [TEST_SUITE][PASSED] - menu_test_suite: Test Cases/search]]></system-out>
      <system-err><![CDATA[]]></system-err>
   </testsuite>
</testsuites>
