<?xml version="1.0" encoding="UTF-8"?>
<testsuites name="menu_test_suite" time="83" tests="4" failures="0" errors="0">
   <testsuite name="menu_test_suite" tests="4" failures="0" errors="0" time="83" timestamp="2019-03-29 17:19:29" hostname="SilburyUser - DESKTOP-1NQG59P" id="Test Suites/menu_test_suite">
      <properties>
         <property name="deviceName" value=""/>
         <property name="devicePlatform" value=""/>
         <property name="logFolder" value="D:\\nsyed\\workspace\\Katalon Studio\\publicare-testcases\\publicare-testcases\\Reports\\menu_test_suite\\20190329_171922"/>
         <property name="logFiles" value="D:\\nsyed\\workspace\\Katalon Studio\\publicare-testcases\\publicare-testcases\\Reports\\menu_test_suite\\20190329_171922\\execution0.log"/>
         <property name="attachments" value=""/>
         <property name="hostName" value="SilburyUser - DESKTOP-1NQG59P"/>
         <property name="os" value="Windows 10 64bit"/>
         <property name="katalonVersion" value="6.0.5.10"/>
         <property name="browser" value="Chrome 73.0.3683.86"/>
         <property name="hostAddress" value="169.254.43.166"/>
         <property name="sessionId" value="586a3c6eb98e9220f2d363569cd1f2d6"/>
         <property name="seleniumVersion" value="3.7.1"/>
         <property name="proxyInformation" value="ProxyInformation{proxyOption=NO_PROXY, proxyServerType=HTTP, password=, proxyServerAddress=, proxyServerPort=0}"/>
         <property name="platform" value="Windows 10"/>
      </properties>
      <testcase name="Test Cases/products" classname="Test Cases/products" status="PASSED">
         <system-out><![CDATA[2019-03-29 17:19:29 - [TEST_CASE][PASSED] - Test Cases/products: Test Cases/products

2019-03-29 17:19:30 - [TEST_STEP][PASSED] - openBrowser(""): Browser is opened with url: ''

2019-03-29 17:19:30 - [MESSAGE][INFO] - Starting 'Chrome' driver

2019-03-29 17:19:30 - [MESSAGE][INFO] - Action delay is set to 0 seconds

2019-03-29 17:19:34 - [MESSAGE][PASSED] - Browser is opened with url: ''

2019-03-29 17:19:34 - [TEST_STEP][PASSED] - navigateToUrl("https://publicare.ch/de"): Navigate to 'https://publicare.ch/de' successfully

2019-03-29 17:19:38 - [MESSAGE][PASSED] - Navigate to 'https://publicare.ch/de' successfully

2019-03-29 17:19:38 - [TEST_STEP][PASSED] - click(findTestObject("Object Repository/products/Page_HOME  Publicare/a_Produkte")): Object: 'Object Repository/products/Page_HOME  Publicare/a_Produkte' is clicked on

2019-03-29 17:19:45 - [MESSAGE][PASSED] - Object: 'Object Repository/products/Page_HOME  Publicare/a_Produkte' is clicked on

2019-03-29 17:19:45 - [TEST_STEP][PASSED] - click(findTestObject("Object Repository/products/Page_Produkt  Publicare/a_Ergnzende Produkte")): Object: 'Object Repository/products/Page_Produkt  Publicare/a_Ergnzende Produkte' is clicked on

2019-03-29 17:19:47 - [MESSAGE][PASSED] - Object: 'Object Repository/products/Page_Produkt  Publicare/a_Ergnzende Produkte' is clicked on

2019-03-29 17:19:47 - [TEST_STEP][PASSED] - click(findTestObject("Object Repository/products/Page_Ergnzende Produkte  Publicare/a_Blutzuckermessungen")): Object: 'Object Repository/products/Page_Ergnzende Produkte  Publicare/a_Blutzuckermessungen' is clicked on

2019-03-29 17:19:49 - [MESSAGE][PASSED] - Object: 'Object Repository/products/Page_Ergnzende Produkte  Publicare/a_Blutzuckermessungen' is clicked on

2019-03-29 17:19:49 - [TEST_STEP][PASSED] - click(findTestObject("Object Repository/products/Page_Blutzuckermessungen  Publicare/a_Blutzuckermessungen")): Object: 'Object Repository/products/Page_Blutzuckermessungen  Publicare/a_Blutzuckermessungen' is clicked on

2019-03-29 17:19:49 - [MESSAGE][PASSED] - Object: 'Object Repository/products/Page_Blutzuckermessungen  Publicare/a_Blutzuckermessungen' is clicked on

2019-03-29 17:19:49 - [TEST_STEP][PASSED] - click(findTestObject("Object Repository/products/Page_Blutzuckermessungen  Publicare/a_Lanzetten und Nadeln")): Object: 'Object Repository/products/Page_Blutzuckermessungen  Publicare/a_Lanzetten und Nadeln' is clicked on

2019-03-29 17:19:51 - [MESSAGE][PASSED] - Object: 'Object Repository/products/Page_Blutzuckermessungen  Publicare/a_Lanzetten und Nadeln' is clicked on

2019-03-29 17:19:51 - [TEST_STEP][PASSED] - click(findTestObject("Object Repository/products/Page_Lanzetten und Nadeln  Publicare/a_Blutzuckermessungen")): Object: 'Object Repository/products/Page_Lanzetten und Nadeln  Publicare/a_Blutzuckermessungen' is clicked on

2019-03-29 17:19:53 - [MESSAGE][PASSED] - Object: 'Object Repository/products/Page_Lanzetten und Nadeln  Publicare/a_Blutzuckermessungen' is clicked on

2019-03-29 17:19:53 - [TEST_STEP][PASSED] - click(findTestObject("Object Repository/products/Page_Blutzuckermessungen  Publicare/a_Ergnzende Produkte")): Object: 'Object Repository/products/Page_Blutzuckermessungen  Publicare/a_Ergnzende Produkte' is clicked on

2019-03-29 17:19:54 - [MESSAGE][PASSED] - Object: 'Object Repository/products/Page_Blutzuckermessungen  Publicare/a_Ergnzende Produkte' is clicked on

2019-03-29 17:19:54 - [TEST_STEP][PASSED] - click(findTestObject("Object Repository/products/Page_Ergnzende Produkte  Publicare/a_Alle Produkte")): Object: 'Object Repository/products/Page_Ergnzende Produkte  Publicare/a_Alle Produkte' is clicked on

2019-03-29 17:19:56 - [MESSAGE][PASSED] - Object: 'Object Repository/products/Page_Ergnzende Produkte  Publicare/a_Alle Produkte' is clicked on

2019-03-29 17:19:56 - [TEST_STEP][PASSED] - click(findTestObject("Object Repository/products/Page_Produkt  Publicare/a_Produkte")): Object: 'Object Repository/products/Page_Produkt  Publicare/a_Produkte' is clicked on

2019-03-29 17:19:57 - [MESSAGE][PASSED] - Object: 'Object Repository/products/Page_Produkt  Publicare/a_Produkte' is clicked on

2019-03-29 17:19:57 - [TEST_STEP][PASSED] - closeBrowser(): Browser is closed

2019-03-29 17:19:58 - [MESSAGE][PASSED] - Browser is closed]]></system-out>
         <system-err><![CDATA[]]></system-err>
      </testcase>
      <testcase name="Test Cases/Services" classname="Test Cases/Services" status="PASSED">
         <system-out><![CDATA[2019-03-29 17:19:58 - [TEST_CASE][PASSED] - Test Cases/Services: Test Cases/Services

2019-03-29 17:19:58 - [TEST_STEP][PASSED] - openBrowser(""): Browser is opened with url: ''

2019-03-29 17:19:58 - [MESSAGE][INFO] - Starting 'Chrome' driver

2019-03-29 17:20:00 - [MESSAGE][PASSED] - Browser is opened with url: ''

2019-03-29 17:20:00 - [TEST_STEP][PASSED] - navigateToUrl("https://publicare.ch/de"): Navigate to 'https://publicare.ch/de' successfully

2019-03-29 17:20:06 - [MESSAGE][PASSED] - Navigate to 'https://publicare.ch/de' successfully

2019-03-29 17:20:06 - [TEST_STEP][PASSED] - click(findTestObject("Object Repository/services/Page_HOME  Publicare/a_Dienstleistungen")): Object: 'Object Repository/services/Page_HOME  Publicare/a_Dienstleistungen' is clicked on

2019-03-29 17:20:09 - [MESSAGE][PASSED] - Object: 'Object Repository/services/Page_HOME  Publicare/a_Dienstleistungen' is clicked on

2019-03-29 17:20:09 - [TEST_STEP][PASSED] - click(findTestObject("Object Repository/services/Page_Dienstleistungen  Publicare/a_Beratung")): Object: 'Object Repository/services/Page_Dienstleistungen  Publicare/a_Beratung' is clicked on

2019-03-29 17:20:13 - [MESSAGE][PASSED] - Object: 'Object Repository/services/Page_Dienstleistungen  Publicare/a_Beratung' is clicked on

2019-03-29 17:20:13 - [TEST_STEP][PASSED] - click(findTestObject("Object Repository/services/Page_Beratung  Publicare/a_Dienstleistungen")): Object: 'Object Repository/services/Page_Beratung  Publicare/a_Dienstleistungen' is clicked on

2019-03-29 17:20:14 - [MESSAGE][PASSED] - Object: 'Object Repository/services/Page_Beratung  Publicare/a_Dienstleistungen' is clicked on

2019-03-29 17:20:14 - [TEST_STEP][PASSED] - click(findTestObject("Object Repository/services/Page_Dienstleistungen  Publicare/a_Lieferant")): Object: 'Object Repository/services/Page_Dienstleistungen  Publicare/a_Lieferant' is clicked on

2019-03-29 17:20:16 - [MESSAGE][PASSED] - Object: 'Object Repository/services/Page_Dienstleistungen  Publicare/a_Lieferant' is clicked on

2019-03-29 17:20:16 - [TEST_STEP][PASSED] - click(findTestObject("Object Repository/services/Page_Lieferant  Publicare/a_Startseite")): Object: 'Object Repository/services/Page_Lieferant  Publicare/a_Startseite' is clicked on

2019-03-29 17:20:18 - [MESSAGE][PASSED] - Object: 'Object Repository/services/Page_Lieferant  Publicare/a_Startseite' is clicked on

2019-03-29 17:20:18 - [TEST_STEP][PASSED] - closeBrowser(): Browser is closed

2019-03-29 17:20:19 - [MESSAGE][PASSED] - Browser is closed]]></system-out>
         <system-err><![CDATA[]]></system-err>
      </testcase>
      <testcase name="Test Cases/pc_acadamy" classname="Test Cases/pc_acadamy" status="PASSED">
         <system-out><![CDATA[2019-03-29 17:20:19 - [TEST_CASE][PASSED] - Test Cases/pc_acadamy: Test Cases/pc_acadamy

2019-03-29 17:20:19 - [TEST_STEP][PASSED] - openBrowser(""): Browser is opened with url: ''

2019-03-29 17:20:19 - [MESSAGE][INFO] - Starting 'Chrome' driver

2019-03-29 17:20:21 - [MESSAGE][PASSED] - Browser is opened with url: ''

2019-03-29 17:20:21 - [TEST_STEP][PASSED] - navigateToUrl("https://publicare.ch/de"): Navigate to 'https://publicare.ch/de' successfully

2019-03-29 17:20:26 - [MESSAGE][PASSED] - Navigate to 'https://publicare.ch/de' successfully

2019-03-29 17:20:26 - [TEST_STEP][PASSED] - click(findTestObject("Object Repository/academy/Page_HOME  Publicare/a_Publicare Academy")): Object: 'Object Repository/academy/Page_HOME  Publicare/a_Publicare Academy' is clicked on

2019-03-29 17:20:29 - [MESSAGE][PASSED] - Object: 'Object Repository/academy/Page_HOME  Publicare/a_Publicare Academy' is clicked on

2019-03-29 17:20:29 - [TEST_STEP][PASSED] - click(findTestObject("Object Repository/academy/Page_Publicare Academy  Publicare/input_Ihr Zugangscode_op")): Object: 'Object Repository/academy/Page_Publicare Academy  Publicare/input_Ihr Zugangscode_op' is clicked on

2019-03-29 17:20:31 - [MESSAGE][PASSED] - Object: 'Object Repository/academy/Page_Publicare Academy  Publicare/input_Ihr Zugangscode_op' is clicked on

2019-03-29 17:20:31 - [TEST_STEP][PASSED] - closeBrowser(): Browser is closed

2019-03-29 17:20:32 - [MESSAGE][PASSED] - Browser is closed]]></system-out>
         <system-err><![CDATA[]]></system-err>
      </testcase>
      <testcase name="Test Cases/search" classname="Test Cases/search" status="PASSED">
         <system-out><![CDATA[2019-03-29 17:20:32 - [TEST_CASE][PASSED] - Test Cases/search: Test Cases/search

2019-03-29 17:20:32 - [TEST_STEP][PASSED] - openBrowser(""): Browser is opened with url: ''

2019-03-29 17:20:32 - [MESSAGE][INFO] - Starting 'Chrome' driver

2019-03-29 17:20:35 - [MESSAGE][PASSED] - Browser is opened with url: ''

2019-03-29 17:20:35 - [TEST_STEP][PASSED] - navigateToUrl("https://publicare.ch/de"): Navigate to 'https://publicare.ch/de' successfully

2019-03-29 17:20:39 - [MESSAGE][PASSED] - Navigate to 'https://publicare.ch/de' successfully

2019-03-29 17:20:39 - [TEST_STEP][PASSED] - setText(findTestObject("Object Repository/search/Page_HOME  Publicare/input_Anmelden_search_api_fulltext"), "medi"): Text 'medi' is set on object 'Object Repository/search/Page_HOME  Publicare/input_Anmelden_search_api_fulltext'

2019-03-29 17:20:39 - [MESSAGE][PASSED] - Text 'medi' is set on object 'Object Repository/search/Page_HOME  Publicare/input_Anmelden_search_api_fulltext'

2019-03-29 17:20:39 - [TEST_STEP][PASSED] - click(findTestObject("Object Repository/search/Page_HOME  Publicare/input_Anmelden_edit-submit-publicare-search")): Object: 'Object Repository/search/Page_HOME  Publicare/input_Anmelden_edit-submit-publicare-search' is clicked on

2019-03-29 17:20:42 - [MESSAGE][PASSED] - Object: 'Object Repository/search/Page_HOME  Publicare/input_Anmelden_edit-submit-publicare-search' is clicked on

2019-03-29 17:20:42 - [TEST_STEP][PASSED] - click(findTestObject("Object Repository/search/Page_Publicare Suche  Publicare/div_Hausella Slip medi Plus Gr.4244")): Object: 'Object Repository/search/Page_Publicare Suche  Publicare/div_Hausella Slip medi Plus Gr.4244' is clicked on

2019-03-29 17:20:44 - [MESSAGE][PASSED] - Object: 'Object Repository/search/Page_Publicare Suche  Publicare/div_Hausella Slip medi Plus Gr.4244' is clicked on

2019-03-29 17:20:44 - [TEST_STEP][PASSED] - click(findTestObject("Object Repository/search/Page_Product Information  Publicare/td_Nicht an Lager_table-cell")): Object: 'Object Repository/search/Page_Product Information  Publicare/td_Nicht an Lager_table-cell' is clicked on

2019-03-29 17:20:45 - [MESSAGE][PASSED] - Object: 'Object Repository/search/Page_Product Information  Publicare/td_Nicht an Lager_table-cell' is clicked on

2019-03-29 17:20:45 - [TEST_STEP][PASSED] - click(findTestObject("Object Repository/search/Page_Product Information  Publicare/a_3M 1528-1")): Object: 'Object Repository/search/Page_Product Information  Publicare/a_3M 1528-1' is clicked on

2019-03-29 17:20:47 - [MESSAGE][PASSED] - Object: 'Object Repository/search/Page_Product Information  Publicare/a_3M 1528-1' is clicked on

2019-03-29 17:20:47 - [TEST_STEP][PASSED] - setText(findTestObject("Object Repository/search/Page_Product Information  Publicare/input_Anmelden_search_api_fulltext"), "beutel"): Text 'beutel' is set on object 'Object Repository/search/Page_Product Information  Publicare/input_Anmelden_search_api_fulltext'

2019-03-29 17:20:47 - [MESSAGE][PASSED] - Text 'beutel' is set on object 'Object Repository/search/Page_Product Information  Publicare/input_Anmelden_search_api_fulltext'

2019-03-29 17:20:47 - [TEST_STEP][PASSED] - click(findTestObject("Object Repository/search/Page_Product Information  Publicare/input_Anmelden_edit-submit-publicare-search")): Object: 'Object Repository/search/Page_Product Information  Publicare/input_Anmelden_edit-submit-publicare-search' is clicked on

2019-03-29 17:20:52 - [MESSAGE][PASSED] - Object: 'Object Repository/search/Page_Product Information  Publicare/input_Anmelden_edit-submit-publicare-search' is clicked on

2019-03-29 17:20:52 - [TEST_STEP][PASSED] - click(findTestObject("Object Repository/search/Page_Publicare Suche  Publicare/h1_Ergebnis fr          beutel")): Object: 'Object Repository/search/Page_Publicare Suche  Publicare/h1_Ergebnis fr          beutel' is clicked on

2019-03-29 17:20:52 - [MESSAGE][PASSED] - Object: 'Object Repository/search/Page_Publicare Suche  Publicare/h1_Ergebnis fr          beutel' is clicked on

2019-03-29 17:20:52 - [TEST_STEP][PASSED] - click(findTestObject("Object Repository/search/Page_Publicare Suche  Publicare/strong_705")): Object: 'Object Repository/search/Page_Publicare Suche  Publicare/strong_705' is clicked on

2019-03-29 17:20:52 - [MESSAGE][PASSED] - Object: 'Object Repository/search/Page_Publicare Suche  Publicare/strong_705' is clicked on

2019-03-29 17:20:52 - [TEST_STEP][PASSED] - closeBrowser(): Browser is closed

2019-03-29 17:20:53 - [MESSAGE][PASSED] - Browser is closed]]></system-out>
         <system-err><![CDATA[]]></system-err>
      </testcase>
      <system-out><![CDATA[2019-03-29 17:19:29 - [TEST_SUITE][PASSED] - menu_test_suite: Test Cases/search]]></system-out>
      <system-err><![CDATA[]]></system-err>
   </testsuite>
</testsuites>
